[ 2019-01-16T14:08:35+08:00 ] 127.0.0.1 /tp3/
INFO: [ app_init ] --START--
INFO: Run Behavior\BuildLiteBehavior [ RunTime:0.000015s ]
INFO: [ app_init ] --END-- [ RunTime:0.000340s ]
ERR: 无法加载模块:Tp3

[ 2019-01-16T14:08:35+08:00 ] 127.0.0.1 /favicon.ico
INFO: [ app_init ] --START--
INFO: Run Behavior\BuildLiteBehavior [ RunTime:0.000032s ]
INFO: [ app_init ] --END-- [ RunTime:0.000553s ]
ERR: 无法加载模块:Favicon

[ 2019-01-16T14:09:00+08:00 ] 127.0.0.1 /tp3/home/index/chatindex?id=3
INFO: [ app_init ] --START--
INFO: Run Behavior\BuildLiteBehavior [ RunTime:0.000022s ]
INFO: [ app_init ] --END-- [ RunTime:0.000481s ]
ERR: 无法加载模块:Tp3

[ 2019-01-16T17:52:58+08:00 ] ::1 /tp3/store/central?fromid=26455&toid=5837
INFO: [ app_init ] --START--
INFO: Run Behavior\BuildLiteBehavior [ RunTime:0.000017s ]
INFO: [ app_init ] --END-- [ RunTime:0.000579s ]
ERR: 无法加载模块:Store

[ 2019-01-16T17:53:40+08:00 ] ::1 /tp3/Store/Chat/central?fromid=26455&toid=5837
INFO: [ app_init ] --START--
INFO: Run Behavior\BuildLiteBehavior [ RunTime:0.000015s ]
INFO: [ app_init ] --END-- [ RunTime:0.000354s ]
ERR: 无法加载模块:Store

[ 2019-01-16T17:53:49+08:00 ] ::1 /tp3/Store/Chat/central?fromid=26455&toid=5837
INFO: [ app_init ] --START--
INFO: Run Behavior\BuildLiteBehavior [ RunTime:0.000013s ]
INFO: [ app_init ] --END-- [ RunTime:0.000287s ]
ERR: 无法加载模块:Store

[ 2019-01-16T17:59:47+08:00 ] 192.168.0.103 /tp3/Store/Chat/central?fromid=26455&toid=5837
INFO: [ app_init ] --START--
INFO: Run Behavior\BuildLiteBehavior [ RunTime:0.000016s ]
INFO: [ app_init ] --END-- [ RunTime:0.000424s ]
ERR: 无法加载模块:Store

[ 2019-01-16T17:59:49+08:00 ] 192.168.0.103 /tp3/Store/Chat/central?fromid=26455&toid=27793
INFO: [ app_init ] --START--
INFO: Run Behavior\BuildLiteBehavior [ RunTime:0.000022s ]
INFO: [ app_init ] --END-- [ RunTime:0.000524s ]
ERR: 无法加载模块:Store

[ 2019-01-16T17:59:50+08:00 ] 192.168.0.103 /tp3/Store/Chat/central?fromid=26455&toid=5837
INFO: [ app_init ] --START--
INFO: Run Behavior\BuildLiteBehavior [ RunTime:0.000054s ]
INFO: [ app_init ] --END-- [ RunTime:0.000971s ]
ERR: 无法加载模块:Store

[ 2019-01-16T18:00:36+08:00 ] 192.168.0.103 /tp3/Store/Chat/central?fromid=26455&toid=27793
INFO: [ app_init ] --START--
INFO: Run Behavior\BuildLiteBehavior [ RunTime:0.000033s ]
INFO: [ app_init ] --END-- [ RunTime:0.000997s ]
ERR: 无法加载模块:Store

[ 2019-01-16T18:00:37+08:00 ] 192.168.0.103 /tp3/Store/Chat/central?fromid=26455&toid=5837
INFO: [ app_init ] --START--
INFO: Run Behavior\BuildLiteBehavior [ RunTime:0.000017s ]
INFO: [ app_init ] --END-- [ RunTime:0.000396s ]
ERR: 无法加载模块:Store

[ 2019-01-16T18:00:37+08:00 ] 192.168.0.103 /tp3/Store/Chat/central?fromid=26455&toid=27793
INFO: [ app_init ] --START--
INFO: Run Behavior\BuildLiteBehavior [ RunTime:0.000036s ]
INFO: [ app_init ] --END-- [ RunTime:0.000950s ]
ERR: 无法加载模块:Store

[ 2019-01-16T18:00:38+08:00 ] 192.168.0.103 /tp3/Store/Chat/central?fromid=26455&toid=5837
INFO: [ app_init ] --START--
INFO: Run Behavior\BuildLiteBehavior [ RunTime:0.000037s ]
INFO: [ app_init ] --END-- [ RunTime:0.000969s ]
ERR: 无法加载模块:Store

[ 2019-01-16T18:00:38+08:00 ] 192.168.0.103 /tp3/Store/Chat/central?fromid=26455&toid=27793
INFO: [ app_init ] --START--
INFO: Run Behavior\BuildLiteBehavior [ RunTime:0.000051s ]
INFO: [ app_init ] --END-- [ RunTime:0.000926s ]
ERR: 无法加载模块:Store

[ 2019-01-16T18:00:38+08:00 ] 192.168.0.103 /tp3/Store/Chat/central?fromid=26455&toid=5837
INFO: [ app_init ] --START--
INFO: Run Behavior\BuildLiteBehavior [ RunTime:0.000020s ]
INFO: [ app_init ] --END-- [ RunTime:0.000493s ]
ERR: 无法加载模块:Store

[ 2019-01-16T18:00:39+08:00 ] 192.168.0.103 /tp3/Store/Chat/central?fromid=26455&toid=27793
INFO: [ app_init ] --START--
INFO: Run Behavior\BuildLiteBehavior [ RunTime:0.000036s ]
INFO: [ app_init ] --END-- [ RunTime:0.000962s ]
ERR: 无法加载模块:Store

[ 2019-01-16T18:00:39+08:00 ] 192.168.0.103 /tp3/Store/Chat/central?fromid=26455&toid=27793
INFO: [ app_init ] --START--
INFO: Run Behavior\BuildLiteBehavior [ RunTime:0.000037s ]
INFO: [ app_init ] --END-- [ RunTime:0.001068s ]
ERR: 无法加载模块:Store

[ 2019-01-16T18:00:39+08:00 ] 192.168.0.103 /tp3/Store/Chat/central?fromid=26455&toid=5837
INFO: [ app_init ] --START--
INFO: Run Behavior\BuildLiteBehavior [ RunTime:0.000036s ]
INFO: [ app_init ] --END-- [ RunTime:0.001238s ]
ERR: 无法加载模块:Store

