[ 2019-01-17T09:15:36+08:00 ] ::1 /tp3/Store/Chat/central?fromid=26455&toid=5837
INFO: [ app_init ] --START--
INFO: Run Behavior\BuildLiteBehavior [ RunTime:0.000032s ]
INFO: [ app_init ] --END-- [ RunTime:0.000784s ]
ERR: 无法加载模块:Store

[ 2019-01-17T09:15:51+08:00 ] ::1 /tp3/Store/Chat/central?fromid=26455&toid=27793
INFO: [ app_init ] --START--
INFO: Run Behavior\BuildLiteBehavior [ RunTime:0.000013s ]
INFO: [ app_init ] --END-- [ RunTime:0.000370s ]
ERR: 无法加载模块:Store

[ 2019-01-17T09:20:31+08:00 ] ::1 /tp3/Store/Chat/central?fromid=26455&toid=5837
INFO: [ app_init ] --START--
INFO: Run Behavior\BuildLiteBehavior [ RunTime:0.000011s ]
INFO: [ app_init ] --END-- [ RunTime:0.000311s ]
ERR: 无法加载模块:Store

[ 2019-01-17T09:20:38+08:00 ] ::1 /tp3/data/Store/Chat/central?fromid=26455&toid=5837
INFO: [ app_init ] --START--
INFO: Run Behavior\BuildLiteBehavior [ RunTime:0.000012s ]
INFO: [ app_init ] --END-- [ RunTime:0.000334s ]
ERR: 无法加载模块:Data

[ 2019-01-17T09:20:49+08:00 ] ::1 /tp3/dtoa/Store/Chat/central?fromid=26455&toid=5837
INFO: [ app_init ] --START--
INFO: Run Behavior\BuildLiteBehavior [ RunTime:0.000012s ]
INFO: [ app_init ] --END-- [ RunTime:0.000306s ]
ERR: 无法加载模块:Dtoa

